\BOOKMARK [1][-]{section.1}{\376\377\000L\000E\0001\000:\000\040\000P\000e\000r\000f\000o\000r\000m\000a\000n\000c\000e}{}% 1
\BOOKMARK [2][-]{subsection.1.1}{\376\377\000W\000e\000b\000G\000L}{section.1}% 2
\BOOKMARK [2][-]{subsection.1.2}{\376\377\000T\000i\000l\000i\000n\000g}{section.1}% 3
\BOOKMARK [1][-]{section.2}{\376\377\000L\000E\0002\000:\000\040\000G\000r\000u\000n\000d\000s\000\344\000t\000z\000e\000\040\000f\000\374\000r\000\040\000d\000i\000e\000\040\000G\000e\000s\000t\000a\000l\000t\000u\000n\000g\000\040\000v\000o\000n\000\040\000D\000a\000s\000h\000b\000o\000a\000r\000d\000s}{}% 4
\BOOKMARK [2][-]{subsection.2.1}{\376\377\000S\000c\000h\000n\000e\000i\000d\000e\000r\000m\000a\000n\040\031\000s\000\040\000M\000a\000n\000t\000r\000a}{section.2}% 5
\BOOKMARK [2][-]{subsection.2.2}{\376\377\000V\000e\000r\000k\000n\000\374\000p\000f\000t\000e\000\040\000A\000n\000s\000i\000c\000h\000t\000e\000n}{section.2}% 6
\BOOKMARK [2][-]{subsection.2.3}{\376\377\000B\000r\000u\000s\000h\000i\000n\000g}{section.2}% 7
\BOOKMARK [2][-]{subsection.2.4}{\376\377\000F\000i\000l\000t\000e\000r\000i\000n\000g}{section.2}% 8
\BOOKMARK [2][-]{subsection.2.5}{\376\377\000I\000m\000p\000l\000e\000m\000e\000n\000t\000a\000t\000i\000o\000n\000\040\000m\000i\000t\000\040\000D\000a\000s\000h}{section.2}% 9
\BOOKMARK [1][-]{section.3}{\376\377\000L\000E\0003\000:\000\040\000H\000C\000I\000\040\000G\000r\000u\000n\000d\000l\000a\000g\000e\000n}{}% 10
\BOOKMARK [2][-]{subsection.3.1}{\376\377\000F\000i\000t\000t\000s\000'\000s\000\040\000L\000a\000w}{section.3}% 11
\BOOKMARK [2][-]{subsection.3.2}{\376\377\000W\000e\000b\000e\000r\000'\000s\000\040\000L\000a\000w}{section.3}% 12
\BOOKMARK [2][-]{subsection.3.3}{\376\377\0005\000\040\000D\000i\000m\000e\000n\000s\000i\000o\000n\000e\000n\000\040\000d\000e\000r\000\040\000I\000n\000t\000e\000r\000a\000k\000t\000i\000o\000n\000s\000g\000e\000s\000t\000a\000l\000t\000u\000n\000g}{section.3}% 13
\BOOKMARK [2][-]{subsection.3.4}{\376\377\000I\000m\000p\000l\000e\000m\000e\000n\000t\000a\000t\000i\000o\000n\000\040\000m\000i\000t\000\040\000D\000a\000s\000h}{section.3}% 14
\BOOKMARK [1][-]{section.4}{\376\377\000A\000n\000h\000a\000n\000g}{}% 15
\BOOKMARK [2][-]{subsection.4.1}{\376\377\000F\000i\000g\000u\000r\000e\000\040\0001}{section.4}% 16
\BOOKMARK [2][-]{subsection.4.2}{\376\377\000F\000i\000g\000u\000r\000e\000\040\0002}{section.4}% 17
\BOOKMARK [2][-]{subsection.4.3}{\376\377\000F\000i\000g\000u\000r\000e\000\040\0003}{section.4}% 18
\BOOKMARK [2][-]{subsection.4.4}{\376\377\000F\000i\000g\000u\000r\000e\000\040\0004}{section.4}% 19
\BOOKMARK [2][-]{subsection.4.5}{\376\377\000F\000i\000g\000u\000r\000e\000\040\0005}{section.4}% 20
\BOOKMARK [2][-]{subsection.4.6}{\376\377\000F\000i\000g\000u\000r\000e\000\040\0006}{section.4}% 21
\BOOKMARK [2][-]{subsection.4.7}{\376\377\000F\000i\000g\000u\000r\000e\000\040\0007}{section.4}% 22
\BOOKMARK [2][-]{subsection.4.8}{\376\377\000F\000i\000g\000u\000r\000e\000\040\0008}{section.4}% 23
\BOOKMARK [2][-]{subsection.4.9}{\376\377\000F\000i\000g\000u\000r\000e\000\040\0009}{section.4}% 24
\BOOKMARK [2][-]{subsection.4.10}{\376\377\000F\000i\000g\000u\000r\000e\000\040\0001\0000}{section.4}% 25
\BOOKMARK [2][-]{subsection.4.11}{\376\377\000F\000i\000g\000u\000r\000e\000\040\0001\0001}{section.4}% 26
